{
  "RSpec": {
    "coverage": {
      "/Users/conrad/Documents/turing/3module/projects/apiCurious/app/controllers/sessions_controller.rb": [
        1,
        1,
        null,
        3,
        0,
        null,
        0,
        0,
        null,
        0,
        0,
        0,
        0,
        0,
        0,
        0,
        null,
        null,
        1,
        0,
        0,
        null,
        null,
        null
      ],
      "/Users/conrad/Documents/turing/3module/projects/apiCurious/app/controllers/application_controller.rb": [
        1,
        1,
        null,
        1,
        null,
        1,
        0,
        null,
        null,
        null
      ],
      "/Users/conrad/Documents/turing/3module/projects/apiCurious/app/services/github_service.rb": [
        1,
        null,
        1,
        2,
        2,
        2,
        2,
        2,
        null,
        null,
        null,
        1,
        1,
        0,
        null,
        null,
        1,
        1,
        0,
        null,
        null,
        1,
        null,
        0,
        0,
        0,
        null,
        0,
        null,
        null,
        1,
        0,
        0,
        null,
        null
      ],
      "/Users/conrad/Documents/turing/3module/projects/apiCurious/app/models/user.rb": [
        1,
        null,
        1,
        0,
        0,
        null,
        null,
        1,
        0,
        0,
        null,
        null,
        1,
        0,
        0,
        null,
        null,
        1,
        0,
        0,
        null,
        null,
        1,
        0,
        0,
        0,
        null,
        null,
        null,
        1,
        0,
        0,
        0,
        null,
        null,
        null,
        1,
        0,
        0,
        null,
        null,
        1,
        0,
        0,
        0,
        null,
        null,
        null,
        1,
        0,
        0,
        0,
        null,
        null,
        null,
        1,
        0,
        0,
        0,
        null,
        null,
        null,
        1,
        0,
        null,
        null
      ],
      "/Users/conrad/Documents/turing/3module/projects/apiCurious/app/models/application_record.rb": [
        1,
        1,
        null
      ],
      "/Users/conrad/Documents/turing/3module/projects/apiCurious/app/channels/application_cable/channel.rb": [
        0,
        0,
        0,
        0
      ],
      "/Users/conrad/Documents/turing/3module/projects/apiCurious/app/channels/application_cable/connection.rb": [
        0,
        0,
        0,
        0
      ],
      "/Users/conrad/Documents/turing/3module/projects/apiCurious/app/controllers/dashboard_controller.rb": [
        0,
        0,
        0,
        0,
        0,
        0
      ],
      "/Users/conrad/Documents/turing/3module/projects/apiCurious/app/controllers/home_controller.rb": [
        0,
        0,
        0,
        0,
        0,
        0,
        0
      ],
      "/Users/conrad/Documents/turing/3module/projects/apiCurious/app/controllers/users_controller.rb": [
        0,
        0,
        0,
        0,
        0,
        0,
        0,
        0,
        0,
        0,
        0,
        0,
        0,
        0
      ],
      "/Users/conrad/Documents/turing/3module/projects/apiCurious/app/helpers/application_helper.rb": [
        0,
        0
      ],
      "/Users/conrad/Documents/turing/3module/projects/apiCurious/app/jobs/application_job.rb": [
        0,
        0
      ],
      "/Users/conrad/Documents/turing/3module/projects/apiCurious/app/mailers/application_mailer.rb": [
        0,
        0,
        0,
        0
      ],
      "/Users/conrad/Documents/turing/3module/projects/apiCurious/app/models/github_repo.rb": [
        0,
        0,
        0,
        0,
        0,
        0,
        0,
        0,
        0,
        0,
        0,
        0,
        0,
        0
      ],
      "/Users/conrad/Documents/turing/3module/projects/apiCurious/app/services/new_repo_service.rb": [
        0,
        0,
        0,
        0,
        0,
        0,
        0,
        0,
        0,
        0,
        0,
        0,
        0,
        0,
        0,
        0,
        0,
        0,
        0,
        0,
        0,
        0,
        0,
        0,
        0,
        0,
        0,
        0,
        0,
        0,
        0,
        0,
        0,
        0
      ]
    },
    "timestamp": 1486086609
  }
}
